#
# There is insufficient memory for the Java Runtime Environment to continue.
# Native memory allocation (mmap) failed to map 266338304 bytes for G1 virtual space
# Possible reasons:
#   The system is out of physical RAM or swap space
#   The process is running with CompressedOops enabled, and the Java Heap may be blocking the growth of the native heap
# Possible solutions:
#   Reduce memory load on the system
#   Increase physical memory or swap space
#   Check if swap backing store is full
#   Decrease Java heap size (-Xmx/-Xms)
#   Decrease number of Java threads
#   Decrease Java thread stack sizes (-Xss)
#   Set larger code cache with -XX:ReservedCodeCacheSize=
#   JVM is running with Zero Based Compressed Oops mode in which the Java heap is
#     placed in the first 32GB address space. The Java Heap base address is the
#     maximum limit for the native heap growth. Please use -XX:HeapBaseMinAddress
#     to set the Java Heap base and to place the Java Heap above 32GB virtual address.
# This output file may be truncated or incomplete.
#
#  Out of Memory Error (os_windows.cpp:3600), pid=24232, tid=17032
#
# JRE version:  (21.0.2+13) (build )
# Java VM: Java HotSpot(TM) 64-Bit Server VM (21.0.2+13-LTS-58, mixed mode, sharing, tiered, compressed oops, compressed class ptrs, g1 gc, windows-amd64)
# No core dump will be written. Minidumps are not enabled by default on client versions of Windows
#

---------------  S U M M A R Y ------------

Command Line: -javaagent:C:\Program Files\JetBrains\IntelliJ IDEA Community Edition 2023.3.4\lib\idea_rt.jar=52859:C:\Program Files\JetBrains\IntelliJ IDEA Community Edition 2023.3.4\bin -Dfile.encoding=UTF-8 -Dsun.stdout.encoding=UTF-8 -Dsun.stderr.encoding=UTF-8 org.example.Main

Host: Intel(R) Core(TM) i7-10750H CPU @ 2.60GHz, 12 cores, 15G,  Windows 11 , 64 bit Build 22621 (10.0.22621.3085)
Time: Wed Feb 28 00:40:19 2024 Türkiye Standart Saati elapsed time: 0.017661 seconds (0d 0h 0m 0s)

---------------  T H R E A D  ---------------

Current thread (0x0000026fff882d70):  JavaThread "Unknown thread" [_thread_in_vm, id=17032, stack(0x0000008350300000,0x0000008350400000) (1024K)]

Stack: [0x0000008350300000,0x0000008350400000]
Native frames: (J=compiled Java code, j=interpreted, Vv=VM code, C=native code)
V  [jvm.dll+0x6cade9]
V  [jvm.dll+0x8569c1]
V  [jvm.dll+0x858d2e]
V  [jvm.dll+0x859413]
V  [jvm.dll+0x280e56]
V  [jvm.dll+0x6c74d5]
V  [jvm.dll+0x6bbeca]
V  [jvm.dll+0x355bca]
V  [jvm.dll+0x35d816]
V  [jvm.dll+0x3ae67e]
V  [jvm.dll+0x3ae928]
V  [jvm.dll+0x3295dc]
V  [jvm.dll+0x32a16b]
V  [jvm.dll+0x81efa9]
V  [jvm.dll+0x3bba01]
V  [jvm.dll+0x807928]
V  [jvm.dll+0x44f50e]
V  [jvm.dll+0x450e11]
C  [jli.dll+0x52a3]
C  [ucrtbase.dll+0x29363]
C  [KERNEL32.DLL+0x1257d]
C  [ntdll.dll+0x5aa58]


---------------  P R O C E S S  ---------------

Threads class SMR info:
_java_thread_list=0x00007ffe3ac2bb88, length=0, elements={
}

Java Threads: ( => current thread )
Total: 0

Other Threads:
  0x0000026fff8ed6f0 WorkerThread "GC Thread#0"                     [id=10472, stack(0x0000008350400000,0x0000008350500000) (1024K)]
  0x0000026fff8fe600 ConcurrentGCThread "G1 Main Marker"            [id=16416, stack(0x0000008350500000,0x0000008350600000) (1024K)]
  0x0000026fff9008b0 WorkerThread "G1 Conc#0"                       [id=8356, stack(0x0000008350600000,0x0000008350700000) (1024K)]

[error occurred during error reporting (printing all threads), id 0xc0000005, EXCEPTION_ACCESS_VIOLATION (0xc0000005) at pc=0x00007ffe3a39c6a7]
VM state: not at safepoint (not fully initialized)

VM Mutex/Monitor currently owned by a thread:  ([mutex/lock_event])
[0x00007ffe3ac9ce68] Heap_lock - owner thread: 0x0000026fff882d70

Heap address: 0x0000000702800000, size: 4056 MB, Compressed Oops mode: Zero based, Oop shift amount: 3

CDS archive(s) mapped at: [0x0000000000000000-0x0000000000000000-0x0000000000000000), size 0, SharedBaseAddress: 0x0000000800000000, ArchiveRelocationMode: 1.
Narrow klass base: 0x0000000000000000, Narrow klass shift: 0, Narrow klass range: 0x0

GC Precious Log:
 CardTable entry size: 512
 Card Set container configuration: InlinePtr #cards 4 size 8 Array Of Cards #cards 16 size 48 Howl #buckets 8 coarsen threshold 3686 Howl Bitmap #cards 512 size 80 coarsen threshold 460 Card regions per heap region 1 cards per card region 4096

Heap:
 garbage-first heap   total 0K, used 0K [0x0000000702800000, 0x0000000800000000)
  region size 2048K, 0 young (0K), 0 survivors (0K)

[error occurred during error reporting (printing heap information), id 0xc0000005, EXCEPTION_ACCESS_VIOLATION (0xc0000005) at pc=0x00007ffe3a7839f9]
GC Heap History (0 events):
No events

Dll operation events (1 events):
Event: 0.013 Loaded shared library C:\Program Files\Java\jdk-21\bin\java.dll

Deoptimization events (0 events):
No events

Classes loaded (0 events):
No events

Classes unloaded (0 events):
No events

Classes redefined (0 events):
No events

Internal exceptions (0 events):
No events

ZGC Phase Switch (0 events):
No events

VM Operations (0 events):
No events

Events (0 events):
No events


Dynamic libraries:
0x00007ff7a7d50000 - 0x00007ff7a7d60000 	C:\Program Files\Java\jdk-21\bin\java.exe
0x00007ffed8630000 - 0x00007ffed8847000 	C:\WINDOWS\SYSTEM32\ntdll.dll
0x00007ffed6a80000 - 0x00007ffed6b44000 	C:\WINDOWS\System32\KERNEL32.DLL
0x00007ffed5b20000 - 0x00007ffed5ec6000 	C:\WINDOWS\System32\KERNELBASE.dll
0x00007ffed5f00000 - 0x00007ffed6011000 	C:\WINDOWS\System32\ucrtbase.dll
0x00007ffe9ab30000 - 0x00007ffe9ab4b000 	C:\Program Files\Java\jdk-21\bin\VCRUNTIME140.dll
0x00007ffe9aa80000 - 0x00007ffe9aa99000 	C:\Program Files\Java\jdk-21\bin\jli.dll
0x00007ffed6780000 - 0x00007ffed6833000 	C:\WINDOWS\System32\ADVAPI32.dll
0x00007ffed77d0000 - 0x00007ffed7877000 	C:\WINDOWS\System32\msvcrt.dll
0x00007ffed8540000 - 0x00007ffed85e8000 	C:\WINDOWS\System32\sechost.dll
0x00007ffed5ed0000 - 0x00007ffed5ef8000 	C:\WINDOWS\System32\bcrypt.dll
0x00007ffed6f10000 - 0x00007ffed7027000 	C:\WINDOWS\System32\RPCRT4.dll
0x00007ffed6d10000 - 0x00007ffed6ebe000 	C:\WINDOWS\System32\USER32.dll
0x00007ffed6020000 - 0x00007ffed6046000 	C:\WINDOWS\System32\win32u.dll
0x00007ffebc740000 - 0x00007ffebc9d3000 	C:\WINDOWS\WinSxS\amd64_microsoft.windows.common-controls_6595b64144ccf1df_6.0.22621.2506_none_270c5ae97388e100\COMCTL32.dll
0x00007ffed8510000 - 0x00007ffed8539000 	C:\WINDOWS\System32\GDI32.dll
0x00007ffed6260000 - 0x00007ffed6378000 	C:\WINDOWS\System32\gdi32full.dll
0x00007ffed61c0000 - 0x00007ffed625a000 	C:\WINDOWS\System32\msvcp_win.dll
0x00007ffece440000 - 0x00007ffece44a000 	C:\WINDOWS\SYSTEM32\VERSION.dll
0x00007ffed6ec0000 - 0x00007ffed6ef1000 	C:\WINDOWS\System32\IMM32.DLL
0x00007ffeb9290000 - 0x00007ffeb929c000 	C:\Program Files\Java\jdk-21\bin\vcruntime140_1.dll
0x00007ffe3ad80000 - 0x00007ffe3ae0e000 	C:\Program Files\Java\jdk-21\bin\msvcp140.dll
0x00007ffe3a060000 - 0x00007ffe3ad77000 	C:\Program Files\Java\jdk-21\bin\server\jvm.dll
0x00007ffed6410000 - 0x00007ffed6481000 	C:\WINDOWS\System32\WS2_32.dll
0x00007ffed4f40000 - 0x00007ffed4f8d000 	C:\WINDOWS\SYSTEM32\POWRPROF.dll
0x00007ffecc620000 - 0x00007ffecc654000 	C:\WINDOWS\SYSTEM32\WINMM.dll
0x00007ffed4eb0000 - 0x00007ffed4ec3000 	C:\WINDOWS\SYSTEM32\UMPDC.dll
0x00007ffed49b0000 - 0x00007ffed49c8000 	C:\WINDOWS\SYSTEM32\kernel.appcore.dll
0x00007ffe9acc0000 - 0x00007ffe9acca000 	C:\Program Files\Java\jdk-21\bin\jimage.dll
0x00007ffec3100000 - 0x00007ffec3333000 	C:\WINDOWS\SYSTEM32\DBGHELP.DLL
0x00007ffed78c0000 - 0x00007ffed7c49000 	C:\WINDOWS\System32\combase.dll
0x00007ffed69a0000 - 0x00007ffed6a77000 	C:\WINDOWS\System32\OLEAUT32.dll
0x00007ffeb27a0000 - 0x00007ffeb27d2000 	C:\WINDOWS\SYSTEM32\dbgcore.DLL
0x00007ffed59e0000 - 0x00007ffed5a5a000 	C:\WINDOWS\System32\bcryptPrimitives.dll
0x00007ffed0f40000 - 0x00007ffed0f4f000 	C:\Program Files\Java\jdk-21\bin\instrument.dll
0x00007ffe90160000 - 0x00007ffe9017f000 	C:\Program Files\Java\jdk-21\bin\java.dll

dbghelp: loaded successfully - version: 4.0.5 - missing functions: none
symbol engine: initialized successfully - sym options: 0x614 - pdb path: .;C:\Program Files\Java\jdk-21\bin;C:\WINDOWS\SYSTEM32;C:\WINDOWS\WinSxS\amd64_microsoft.windows.common-controls_6595b64144ccf1df_6.0.22621.2506_none_270c5ae97388e100;C:\Program Files\Java\jdk-21\bin\server

VM Arguments:
jvm_args: -javaagent:C:\Program Files\JetBrains\IntelliJ IDEA Community Edition 2023.3.4\lib\idea_rt.jar=52859:C:\Program Files\JetBrains\IntelliJ IDEA Community Edition 2023.3.4\bin -Dfile.encoding=UTF-8 -Dsun.stdout.encoding=UTF-8 -Dsun.stderr.encoding=UTF-8 
java_command: org.example.Main
java_class_path (initial): C:\Users\ALI\IdeaProjects\odev3\target\classes
Launcher Type: SUN_STANDARD

[Global flags]
     intx CICompilerCount                          = 4                                         {product} {ergonomic}
     uint ConcGCThreads                            = 3                                         {product} {ergonomic}
     uint G1ConcRefinementThreads                  = 10                                        {product} {ergonomic}
   size_t G1HeapRegionSize                         = 2097152                                   {product} {ergonomic}
    uintx GCDrainStackTargetSize                   = 64                                        {product} {ergonomic}
   size_t InitialHeapSize                          = 266338304                                 {product} {ergonomic}
   size_t MarkStackSize                            = 4194304                                   {product} {ergonomic}
   size_t MaxHeapSize                              = 4253024256                                {product} {ergonomic}
   size_t MinHeapDeltaBytes                        = 2097152                                   {product} {ergonomic}
   size_t MinHeapSize                              = 8388608                                   {product} {ergonomic}
    uintx NonNMethodCodeHeapSize                   = 5839372                                {pd product} {ergonomic}
    uintx NonProfiledCodeHeapSize                  = 122909434                              {pd product} {ergonomic}
    uintx ProfiledCodeHeapSize                     = 122909434                              {pd product} {ergonomic}
    uintx ReservedCodeCacheSize                    = 251658240                              {pd product} {ergonomic}
     bool SegmentedCodeCache                       = true                                      {product} {ergonomic}
   size_t SoftMaxHeapSize                          = 4253024256                             {manageable} {ergonomic}
     bool UseCompressedOops                        = true                           {product lp64_product} {ergonomic}
     bool UseG1GC                                  = true                                      {product} {ergonomic}
     bool UseLargePagesIndividualAllocation        = false                                  {pd product} {ergonomic}

Logging:
Log output configuration:
 #0: stdout all=warning uptime,level,tags foldmultilines=false
 #1: stderr all=off uptime,level,tags foldmultilines=false

Environment Variables:
PATH=C:\Program Files\Common Files\Oracle\Java\javapath;C:\Program Files (x86)\Common Files\Oracle\Java\javapath;C:\Windows\system32;C:\Windows;C:\Windows\System32\Wbem;C:\Windows\System32\WindowsPowerShell\v1.0\;C:\Windows\System32\OpenSSH\;C:\Program Files (x86)\NVIDIA Corporation\PhysX\Common;C:\WINDOWS\system32;C:\WINDOWS;C:\WINDOWS\System32\Wbem;C:\WINDOWS\System32\WindowsPowerShell\v1.0\;C:\WINDOWS\System32\OpenSSH\;C:\Program Files\MATLAB\R2021b\runtime\win64;C:\Program Files\MATLAB\R2021b\bin;;C:\Program Files\NVIDIA Corporation\NVIDIA NvDLISR;C:\Users\ALI\AppData\Local\Microsoft\WindowsApps;C:\Users\ALI\AppData\Local\Programs\Microsoft VS Code\bin;
USERNAME=ALI
OS=Windows_NT
PROCESSOR_IDENTIFIER=Intel64 Family 6 Model 165 Stepping 2, GenuineIntel
TMP=C:\Users\ALI\AppData\Local\Temp
TEMP=C:\Users\ALI\AppData\Local\Temp




Periodic native trim disabled

---------------  S Y S T E M  ---------------

OS:
 Windows 11 , 64 bit Build 22621 (10.0.22621.3085)
OS uptime: 0 days 3:10 hours

CPU: total 12 (initial active 12) (6 cores per cpu, 2 threads per core) family 6 model 165 stepping 2 microcode 0xe0, cx8, cmov, fxsr, ht, mmx, 3dnowpref, sse, sse2, sse3, ssse3, sse4.1, sse4.2, popcnt, lzcnt, tsc, tscinvbit, avx, avx2, aes, erms, clmul, bmi1, bmi2, adx, fma, vzeroupper, clflush, clflushopt, rdtscp, f16c, pku
Processor Information for all 12 processors :
  Max Mhz: 2592, Current Mhz: 2592, Mhz Limit: 2592

Memory: 4k page, system-wide physical 16218M (5286M free)
TotalPageFile size 18334M (AvailPageFile size 60M)
current process WorkingSet (physical memory assigned to process): 11M, peak: 11M
current process commit charge ("private bytes"): 64M, peak: 318M

vm_info: Java HotSpot(TM) 64-Bit Server VM (21.0.2+13-LTS-58) for windows-amd64 JRE (21.0.2+13-LTS-58), built on 2024-01-05T18:32:24Z by "mach5one" with MS VC++ 17.1 (VS2022)

END.
