#
# There is insufficient memory for the Java Runtime Environment to continue.
# Native memory allocation (mmap) failed to map 266338304 bytes for G1 virtual space
# Possible reasons:
#   The system is out of physical RAM or swap space
#   The process is running with CompressedOops enabled, and the Java Heap may be blocking the growth of the native heap
# Possible solutions:
#   Reduce memory load on the system
#   Increase physical memory or swap space
#   Check if swap backing store is full
#   Decrease Java heap size (-Xmx/-Xms)
#   Decrease number of Java threads
#   Decrease Java thread stack sizes (-Xss)
#   Set larger code cache with -XX:ReservedCodeCacheSize=
#   JVM is running with Zero Based Compressed Oops mode in which the Java heap is
#     placed in the first 32GB address space. The Java Heap base address is the
#     maximum limit for the native heap growth. Please use -XX:HeapBaseMinAddress
#     to set the Java Heap base and to place the Java Heap above 32GB virtual address.
# This output file may be truncated or incomplete.
#
#  Out of Memory Error (os_windows.cpp:3825), pid=15524, tid=7616
#
# JRE version:  (17.0.10+1) (build )
# Java VM: OpenJDK 64-Bit Server VM (17.0.10+1-b1087.17, mixed mode, sharing, tiered, compressed oops, compressed class ptrs, g1 gc, windows-amd64)
# No core dump will be written. Minidumps are not enabled by default on client versions of Windows
#

---------------  S U M M A R Y ------------

Command Line: git4idea.http.GitAskPassApp Username for 'https://github.com': 

Host: Intel(R) Core(TM) i7-10750H CPU @ 2.60GHz, 12 cores, 15G,  Windows 11 , 64 bit Build 22621 (10.0.22621.3085)
Time: Wed Feb 28 01:58:45 2024 Türkiye Standart Saati elapsed time: 0.008690 seconds (0d 0h 0m 0s)

---------------  T H R E A D  ---------------

Current thread (0x000002a41bc9dee0):  JavaThread "Unknown thread" [_thread_in_vm, id=7616, stack(0x000000d363f00000,0x000000d364000000)]

Stack: [0x000000d363f00000,0x000000d364000000]
Native frames: (J=compiled Java code, j=interpreted, Vv=VM code, C=native code)
V  [jvm.dll+0x688ac9]
V  [jvm.dll+0x84220a]
V  [jvm.dll+0x843e4e]
V  [jvm.dll+0x8444b3]
V  [jvm.dll+0x24ba8f]
V  [jvm.dll+0x685899]
V  [jvm.dll+0x67a14a]
V  [jvm.dll+0x30c7eb]
V  [jvm.dll+0x313c96]
V  [jvm.dll+0x363a2e]
V  [jvm.dll+0x363c5f]
V  [jvm.dll+0x2e25b8]
V  [jvm.dll+0x2e3524]
V  [jvm.dll+0x812d71]
V  [jvm.dll+0x3718e1]
V  [jvm.dll+0x7f18d6]
V  [jvm.dll+0x3f553f]
V  [jvm.dll+0x3f7171]
C  [jli.dll+0x528f]
C  [ucrtbase.dll+0x29363]
C  [KERNEL32.DLL+0x1257d]
C  [ntdll.dll+0x5aa58]


---------------  P R O C E S S  ---------------

Threads class SMR info:
_java_thread_list=0x00007ffe3bc1ef58, length=0, elements={
}

Java Threads: ( => current thread )

Other Threads:
  0x000002a41bd07ee0 GCTaskThread "GC Thread#0" [stack: 0x000000d364000000,0x000000d364100000] [id=18504]
  0x000002a41bd18bb0 ConcurrentGCThread "G1 Main Marker" [stack: 0x000000d364100000,0x000000d364200000] [id=8944]
  0x000002a41bd1ad80 ConcurrentGCThread "G1 Conc#0" [stack: 0x000000d364200000,0x000000d364300000] [id=23764]

[error occurred during error reporting (printing all threads), id 0xc0000005, EXCEPTION_ACCESS_VIOLATION (0xc0000005) at pc=0x00007ffe3b3d3187]

VM state: not at safepoint (not fully initialized)

VM Mutex/Monitor currently owned by a thread:  ([mutex/lock_event])
[0x000002a41bc99fd0] Heap_lock - owner thread: 0x000002a41bc9dee0

Heap address: 0x0000000702800000, size: 4056 MB, Compressed Oops mode: Zero based, Oop shift amount: 3

CDS archive(s) mapped at: [0x0000000000000000-0x0000000000000000-0x0000000000000000), size 0, SharedBaseAddress: 0x0000000800000000, ArchiveRelocationMode: 1.
Narrow klass base: 0x0000000000000000, Narrow klass shift: 0, Narrow klass range: 0x0

GC Precious Log:
<Empty>

Heap:
 garbage-first heap   total 0K, used 0K [0x0000000702800000, 0x0000000800000000)
  region size 2048K, 0 young (0K), 0 survivors (0K)
 Metaspace       used 0K, committed 0K, reserved 0K
  class space    used 0K, committed 0K, reserved 0K

Heap Regions: E=young(eden), S=young(survivor), O=old, HS=humongous(starts), HC=humongous(continues), CS=collection set, F=free, OA=open archive, CA=closed archive, TAMS=top-at-mark-start (previous, next)

Card table byte_map: [0x000002a42f150000,0x000002a42f940000] _byte_map_base: 0x000002a42b93c000

Marking Bits (Prev, Next): (CMBitMap*) 0x000002a41bd08500, (CMBitMap*) 0x000002a41bd08540
 Prev Bits: [0x000002a430130000, 0x000002a434090000)
 Next Bits: [0x000002a434090000, 0x000002a437ff0000)

GC Heap History (0 events):
No events

Dll operation events (1 events):
Event: 0.006 Loaded shared library C:\Program Files\JetBrains\IntelliJ IDEA Community Edition 2023.3.4\jbr\bin\java.dll

Deoptimization events (0 events):
No events

Classes unloaded (0 events):
No events

Classes redefined (0 events):
No events

Internal exceptions (0 events):
No events

VM Operations (0 events):
No events

Events (0 events):
No events


Dynamic libraries:
0x00007ff7cd020000 - 0x00007ff7cd02a000 	C:\Program Files\JetBrains\IntelliJ IDEA Community Edition 2023.3.4\jbr\bin\java.exe
0x00007ffed8630000 - 0x00007ffed8847000 	C:\WINDOWS\SYSTEM32\ntdll.dll
0x00007ffed6a80000 - 0x00007ffed6b44000 	C:\WINDOWS\System32\KERNEL32.DLL
0x00007ffed5b20000 - 0x00007ffed5ec6000 	C:\WINDOWS\System32\KERNELBASE.dll
0x00007ffed5f00000 - 0x00007ffed6011000 	C:\WINDOWS\System32\ucrtbase.dll
0x00007ffe9ade0000 - 0x00007ffe9adf7000 	C:\Program Files\JetBrains\IntelliJ IDEA Community Edition 2023.3.4\jbr\bin\jli.dll
0x00007ffe8e690000 - 0x00007ffe8e6ab000 	C:\Program Files\JetBrains\IntelliJ IDEA Community Edition 2023.3.4\jbr\bin\VCRUNTIME140.dll
0x00007ffed6d10000 - 0x00007ffed6ebe000 	C:\WINDOWS\System32\USER32.dll
0x00007ffed6020000 - 0x00007ffed6046000 	C:\WINDOWS\System32\win32u.dll
0x00007ffebc740000 - 0x00007ffebc9d3000 	C:\WINDOWS\WinSxS\amd64_microsoft.windows.common-controls_6595b64144ccf1df_6.0.22621.2506_none_270c5ae97388e100\COMCTL32.dll
0x00007ffed8510000 - 0x00007ffed8539000 	C:\WINDOWS\System32\GDI32.dll
0x00007ffed77d0000 - 0x00007ffed7877000 	C:\WINDOWS\System32\msvcrt.dll
0x00007ffed6260000 - 0x00007ffed6378000 	C:\WINDOWS\System32\gdi32full.dll
0x00007ffed61c0000 - 0x00007ffed625a000 	C:\WINDOWS\System32\msvcp_win.dll
0x00007ffed6ec0000 - 0x00007ffed6ef1000 	C:\WINDOWS\System32\IMM32.DLL
0x00007ffe8e680000 - 0x00007ffe8e68c000 	C:\Program Files\JetBrains\IntelliJ IDEA Community Edition 2023.3.4\jbr\bin\vcruntime140_1.dll
0x00007ffe39da0000 - 0x00007ffe39e2d000 	C:\Program Files\JetBrains\IntelliJ IDEA Community Edition 2023.3.4\jbr\bin\msvcp140.dll
0x00007ffe3b0e0000 - 0x00007ffe3bd63000 	C:\Program Files\JetBrains\IntelliJ IDEA Community Edition 2023.3.4\jbr\bin\server\jvm.dll
0x00007ffed6780000 - 0x00007ffed6833000 	C:\WINDOWS\System32\ADVAPI32.dll
0x00007ffed8540000 - 0x00007ffed85e8000 	C:\WINDOWS\System32\sechost.dll
0x00007ffed5ed0000 - 0x00007ffed5ef8000 	C:\WINDOWS\System32\bcrypt.dll
0x00007ffed6f10000 - 0x00007ffed7027000 	C:\WINDOWS\System32\RPCRT4.dll
0x00007ffe945c0000 - 0x00007ffe945c9000 	C:\WINDOWS\SYSTEM32\WSOCK32.dll
0x00007ffed4f40000 - 0x00007ffed4f8d000 	C:\WINDOWS\SYSTEM32\POWRPROF.dll
0x00007ffecc620000 - 0x00007ffecc654000 	C:\WINDOWS\SYSTEM32\WINMM.dll
0x00007ffece440000 - 0x00007ffece44a000 	C:\WINDOWS\SYSTEM32\VERSION.dll
0x00007ffed6410000 - 0x00007ffed6481000 	C:\WINDOWS\System32\WS2_32.dll
0x00007ffed4eb0000 - 0x00007ffed4ec3000 	C:\WINDOWS\SYSTEM32\UMPDC.dll
0x00007ffed49b0000 - 0x00007ffed49c8000 	C:\WINDOWS\SYSTEM32\kernel.appcore.dll
0x00007ffeb9c60000 - 0x00007ffeb9c6a000 	C:\Program Files\JetBrains\IntelliJ IDEA Community Edition 2023.3.4\jbr\bin\jimage.dll
0x00007ffec3100000 - 0x00007ffec3333000 	C:\WINDOWS\SYSTEM32\DBGHELP.DLL
0x00007ffed78c0000 - 0x00007ffed7c49000 	C:\WINDOWS\System32\combase.dll
0x00007ffed69a0000 - 0x00007ffed6a77000 	C:\WINDOWS\System32\OLEAUT32.dll
0x00007ffeb27a0000 - 0x00007ffeb27d2000 	C:\WINDOWS\SYSTEM32\dbgcore.DLL
0x00007ffed59e0000 - 0x00007ffed5a5a000 	C:\WINDOWS\System32\bcryptPrimitives.dll
0x00007ffea8940000 - 0x00007ffea8965000 	C:\Program Files\JetBrains\IntelliJ IDEA Community Edition 2023.3.4\jbr\bin\java.dll

dbghelp: loaded successfully - version: 4.0.5 - missing functions: none
symbol engine: initialized successfully - sym options: 0x614 - pdb path: .;C:\Program Files\JetBrains\IntelliJ IDEA Community Edition 2023.3.4\jbr\bin;C:\WINDOWS\SYSTEM32;C:\WINDOWS\WinSxS\amd64_microsoft.windows.common-controls_6595b64144ccf1df_6.0.22621.2506_none_270c5ae97388e100;C:\Program Files\JetBrains\IntelliJ IDEA Community Edition 2023.3.4\jbr\bin\server

VM Arguments:
java_command: git4idea.http.GitAskPassApp Username for 'https://github.com': 
java_class_path (initial): C:/Program Files/JetBrains/IntelliJ IDEA Community Edition 2023.3.4/plugins/vcs-git/lib/git4idea-rt.jar;C:/Program Files/JetBrains/IntelliJ IDEA Community Edition 2023.3.4/lib/externalProcess-rt.jar
Launcher Type: SUN_STANDARD

[Global flags]
     intx CICompilerCount                          = 4                                         {product} {ergonomic}
     uint ConcGCThreads                            = 3                                         {product} {ergonomic}
     uint G1ConcRefinementThreads                  = 10                                        {product} {ergonomic}
   size_t G1HeapRegionSize                         = 2097152                                   {product} {ergonomic}
    uintx GCDrainStackTargetSize                   = 64                                        {product} {ergonomic}
   size_t InitialHeapSize                          = 266338304                                 {product} {ergonomic}
   size_t MarkStackSize                            = 4194304                                   {product} {ergonomic}
   size_t MaxHeapSize                              = 4253024256                                {product} {ergonomic}
   size_t MinHeapDeltaBytes                        = 2097152                                   {product} {ergonomic}
   size_t MinHeapSize                              = 8388608                                   {product} {ergonomic}
    uintx NonNMethodCodeHeapSize                   = 5839372                                {pd product} {ergonomic}
    uintx NonProfiledCodeHeapSize                  = 122909434                              {pd product} {ergonomic}
    uintx ProfiledCodeHeapSize                     = 122909434                              {pd product} {ergonomic}
    uintx ReservedCodeCacheSize                    = 251658240                              {pd product} {ergonomic}
     bool SegmentedCodeCache                       = true                                      {product} {ergonomic}
   size_t SoftMaxHeapSize                          = 4253024256                             {manageable} {ergonomic}
     bool UseCompressedClassPointers               = true                           {product lp64_product} {ergonomic}
     bool UseCompressedOops                        = true                           {product lp64_product} {ergonomic}
     bool UseG1GC                                  = true                                      {product} {ergonomic}
     bool UseLargePagesIndividualAllocation        = false                                  {pd product} {ergonomic}

Logging:
Log output configuration:
 #0: stdout all=warning uptime,level,tags
 #1: stderr all=off uptime,level,tags

Environment Variables:
PATH=C:\Program Files\Git\mingw64\libexec\git-core;C:\Program Files\Git\mingw64\libexec\git-core;C:\Program Files\Git\mingw64\bin;C:\Program Files\Git\usr\bin;C:\Users\ALI\bin;C:\Program Files\Common Files\Oracle\Java\javapath;C:\Program Files (x86)\Common Files\Oracle\Java\javapath;C:\Windows\system32;C:\Windows;C:\Windows\System32\Wbem;C:\Windows\System32\WindowsPowerShell\v1.0;C:\Windows\System32\OpenSSH;C:\Program Files (x86)\NVIDIA Corporation\PhysX\Common;C:\WINDOWS\system32;C:\WINDOWS;C:\WINDOWS\System32\Wbem;C:\WINDOWS\System32\WindowsPowerShell\v1.0;C:\WINDOWS\System32\OpenSSH;C:\Program Files\MATLAB\R2021b\runtime\win64;C:\Program Files\MATLAB\R2021b\bin;C:\Program Files\NVIDIA Corporation\NVIDIA NvDLISR;C:\Users\ALI\AppData\Local\Microsoft\WindowsApps;C:\Users\ALI\AppData\Local\Programs\Microsoft VS Code\bin
USERNAME=ALI
DISPLAY=:0.0
LC_ALL=en_US.UTF-8
TERM=xterm-256color
TMPDIR=C:\Users\ALI\AppData\Local\Temp
OS=Windows_NT
PROCESSOR_IDENTIFIER=Intel64 Family 6 Model 165 Stepping 2, GenuineIntel
TMP=C:\Users\ALI\AppData\Local\Temp
TEMP=C:\Users\ALI\AppData\Local\Temp



Periodic native trim disabled

JNI global refs:
JNI global refs: 0, weak refs: 0

JNI global refs memory usage: 0, weak refs: 0

OOME stack traces (most recent first):
Classloader memory used:


---------------  S Y S T E M  ---------------

OS:
 Windows 11 , 64 bit Build 22621 (10.0.22621.3085)
OS uptime: 0 days 4:28 hours

CPU: total 12 (initial active 12) (6 cores per cpu, 2 threads per core) family 6 model 165 stepping 2 microcode 0xe0, cx8, cmov, fxsr, ht, mmx, 3dnowpref, sse, sse2, sse3, ssse3, sse4.1, sse4.2, popcnt, lzcnt, tsc, tscinvbit, avx, avx2, aes, erms, clmul, bmi1, bmi2, adx, fma, vzeroupper, clflush, clflushopt
Processor Information for all 12 processors :
  Max Mhz: 2592, Current Mhz: 2592, Mhz Limit: 2592

Memory: 4k page, system-wide physical 16218M (5643M free)
TotalPageFile size 18334M (AvailPageFile size 181M)
current process WorkingSet (physical memory assigned to process): 11M, peak: 11M
current process commit charge ("private bytes"): 64M, peak: 318M

vm_info: OpenJDK 64-Bit Server VM (17.0.10+1-b1087.17) for windows-amd64 JRE (17.0.10+1-b1087.17), built on 2024-01-19 by "builduser" with MS VC++ 16.10 / 16.11 (VS2019)

END.
